//Log file created (Version=1) on 10:38:34  02-Apr-2013AM for Subject=002, Session=1
//[SendTrigger] Initialization
//TrialList generated at  5208.9101
//Screen dimensions are 1024x768
1,1,Mismatched Word,panda,farmer,34.19
1,2,Mismatched Word,astronaut,shoulder,37.73
1,3,Mismatched Word,claw,circle,41.28
1,4,Matched Word,tearing,tearing,44.86
1,5,Mismatched Word,arguing,empty,48.43
1,6,Matched Word,fly,fly,52.03
1,7,Matched Word,drum,drum,55.60
1,8,Mismatched Word,gate,bottle,59.17
1,9,Matched Word,reading,reading,62.77
1,10,Mismatched Word,running,desk,66.32
1,11,Matched Word,cage,cage,69.89
1,12,Mismatched Word,reading,candle,73.45
1,13,Mismatched Word,dressing,mail,77.03
1,14,Matched Word,peeking,peeking,80.61
1,15,Matched Word,closet,closet,84.20
1,16,Matched Word,harp,harp,87.76
1,1,Mismatched Word,key,throwing,96.37
2,1,Mismatched Word,swimming,measuring,241.93
2,2,Matched Word,shark,shark,245.45
2,3,Mismatched Word,candle,running,249.07
2,4,Matched Word,wrapping,wrapping,252.62
2,5,Matched Word,lock,lock,256.21
2,6,Mismatched Word,exercising,baby,259.76
2,7,Mismatched Word,chain,panda,263.36
2,8,Matched Word,broom,broom,266.88
2,9,Mismatched Word,going,ambulance,270.52
2,10,Matched Word,jumping,jumping,274.06
2,11,Mismatched Word,computer,gate,277.60
2,12,Matched Word,smelling,smelling,281.23
2,13,Matched Word,climbing,climbing,284.78
2,14,Matched Word,desk,desk,288.36
2,15,Mismatched Word,coin,cage,291.93
2,16,Mismatched Word,square,helicopter,295.59
2,1,Matched Word,fly,fly,304.10
3,1,Mismatched Word,caterpillar,painting,451.16
3,2,Mismatched Word,kangaroo,swinging,454.73
3,3,Mismatched Word,bottle,lamp,458.32
3,4,Mismatched Word,measuring,decorated,461.90
3,5,Matched Word,branch,branch,465.46
3,6,Matched Word,bottle,bottle,469.00
3,7,Mismatched Word,running,arrow,472.60
3,8,Matched Word,raccoon,raccoon,476.22
3,9,Matched Word,cow,cow,479.80
3,10,Matched Word,money,money,483.35
3,11,Mismatched Word,swinging,branch,486.93
3,12,Mismatched Word,ambulance,picking,490.53
3,13,Matched Word,gate,gate,494.09
3,14,Matched Word,time,time,497.70
3,15,Mismatched Word,helicopter,porcupine,501.28
3,16,Matched Word,arguing,arguing,504.83
//[ExitStudy] While running study: [ppvt|616]Index exceeds matrix dimensions.

