//Log file created (Version=1) on 10:09:59  02-Apr-2013AM for Subject=002, Session=1
//[SendTrigger] Initialization
//TrialList generated at  3493.9068
//Screen dimensions are 1024x768
0	0	 3497.1094	START_TIME	1
1	0	 3529.5489	ScannerStart	1
1	1	 3531.8511	TrialResponse[Go]	1	1
1	1	 3531.8511	TrialResponse[Go]	1	1
1	1	 3535.7337	TrialResponse[Go]	1	2
1	1	 3535.7337	TrialResponse[Go]	1	2
1	1	 3540.8329	TrialResponse[No Go]	1	3
1	2	 3543.8659	TrialResponse[Go]	1	4
1	2	 3543.8659	TrialResponse[Go]	1	4
1	2	 3547.9820	TrialResponse[Go]	1	5
1	2	 3547.9820	TrialResponse[Go]	1	5
1	2	 3552.0482	TrialResponse[Go]	1	6
1	2	 3552.0482	TrialResponse[Go]	1	6
1	2	 3556.0142	TrialResponse[Go]	1	7
1	2	 3556.0142	TrialResponse[Go]	1	7
1	2	 3561.1634	TrialResponse[No Go]	1	8
1	3	 3564.1630	TrialResponse[Go]	1	9
1	3	 3564.1630	TrialResponse[Go]	1	9
1	3	 3568.2624	TrialResponse[Go]	1	10
1	3	 3568.2624	TrialResponse[Go]	1	10
1	3	 3573.3449	TrialResponse[No Go]	1	11
1	4	 3576.3279	TrialResponse[Go]	1	12
1	4	 3576.3279	TrialResponse[Go]	1	12
1	4	 3580.5271	TrialResponse[Go]	1	13
1	4	 3580.5271	TrialResponse[Go]	1	13
1	4	 3584.5100	TrialResponse[Go]	1	14
1	4	 3584.5100	TrialResponse[Go]	1	14
1	4	 3588.5260	TrialResponse[Go]	0	15
1	4	 3588.5260	TrialResponse[Go]	0	15
1	5	 3592.7087	TrialResponse[Go]	1	16
1	5	 3592.7087	TrialResponse[Go]	1	16
1	5	 3596.6250	TrialResponse[Go]	1	17
1	5	 3596.6250	TrialResponse[Go]	1	17
1	5	 3600.7243	TrialResponse[Go]	1	18
1	5	 3600.7243	TrialResponse[Go]	1	18
1	5	 3605.8402	TrialResponse[No Go]	1	19
1	6	 3608.8898	TrialResponse[Go]	1	20
1	6	 3608.8898	TrialResponse[Go]	1	20
1	6	 3612.9725	TrialResponse[Go]	1	21
1	6	 3612.9725	TrialResponse[Go]	1	21
1	6	 3617.0886	TrialResponse[Go]	1	22
1	6	 3617.0886	TrialResponse[Go]	1	22
1	6	 3622.1046	TrialResponse[No Go]	1	23
1	7	 3625.1377	TrialResponse[Go]	1	24
1	7	 3625.1377	TrialResponse[Go]	1	24
1	7	 3629.2869	TrialResponse[Go]	1	25
1	7	 3629.2869	TrialResponse[Go]	1	25
1	7	 3633.3362	TrialResponse[Go]	1	26
1	7	 3633.3362	TrialResponse[Go]	1	26
1	7	 3637.3857	TrialResponse[Go]	1	27
1	7	 3637.3857	TrialResponse[Go]	1	27
1	7	 3642.4016	TrialResponse[No Go]	1	28
1	8	 3645.4844	TrialResponse[Go]	1	29
1	8	 3645.4844	TrialResponse[Go]	1	29
1	8	 3649.6838	TrialResponse[Go]	1	30
1	8	 3649.6838	TrialResponse[Go]	1	30
1	8	 3653.7165	TrialResponse[Go]	1	31
1	8	 3653.7165	TrialResponse[Go]	1	31
1	8	 3658.6325	TrialResponse[No Go]	0	32
1	8	 3662.6820	TrialResponse[No Go]	1	33
1	9	 3665.8148	TrialResponse[Go]	1	34
1	9	 3665.8148	TrialResponse[Go]	1	34
1	9	 3669.7809	TrialResponse[Go]	1	35
1	9	 3669.7809	TrialResponse[Go]	1	35
1	9	 3674.8468	TrialResponse[No Go]	1	36
2	9	 3926.9354	ScannerStart	1
2	1	 3929.1770	TrialResponse[Go]	1	37
2	1	 3929.1770	TrialResponse[Go]	1	37
2	1	 3933.1600	TrialResponse[Go]	1	38
2	1	 3933.1600	TrialResponse[Go]	1	38
2	1	 3937.1420	TrialResponse[Go]	1	39
2	1	 3937.1420	TrialResponse[Go]	1	39
2	1	 3941.2247	TrialResponse[Go]	1	40
2	1	 3941.2247	TrialResponse[Go]	1	40
2	1	 3945.6741	TrialResponse[Go]	0	41
2	1	 3945.6741	TrialResponse[Go]	0	41
2	2	 3949.6070	TrialResponse[Go]	1	42
2	2	 3949.6070	TrialResponse[Go]	1	42
2	2	 3953.4730	TrialResponse[Go]	1	43
2	2	 3953.4730	TrialResponse[Go]	1	43
2	2	 3958.4888	TrialResponse[No Go]	1	44
2	3	 3961.0396	TrialResponse[Go]	1	45
2	3	 3961.0396	TrialResponse[Go]	1	45
2	3	 3965.8211	TrialResponse[Go]	1	46
2	3	 3965.8211	TrialResponse[Go]	1	46
2	3	 3970.0206	TrialResponse[Go]	1	47
2	3	 3970.0206	TrialResponse[Go]	1	47
2	3	 3974.3532	TrialResponse[Go]	0	48
2	3	 3974.3532	TrialResponse[Go]	0	48
2	4	 3978.0860	TrialResponse[Go]	1	49
2	4	 3978.0860	TrialResponse[Go]	1	49
2	4	 3981.8687	TrialResponse[Go]	1	50
2	4	 3981.8687	TrialResponse[Go]	1	50
2	4	 3985.9682	TrialResponse[Go]	0	51
2	4	 3985.9682	TrialResponse[Go]	0	51
2	5	 3989.8509	TrialResponse[Go]	1	52
2	5	 3989.8509	TrialResponse[Go]	1	52
2	5	 3994.2003	TrialResponse[Go]	1	53
2	5	 3994.2003	TrialResponse[Go]	1	53
2	5	 3999.0663	TrialResponse[No Go]	1	54
2	6	 4001.9326	TrialResponse[Go]	1	55
2	6	 4001.9326	TrialResponse[Go]	1	55
2	6	 4006.1653	TrialResponse[Go]	1	56
2	6	 4006.1653	TrialResponse[Go]	1	56
2	6	 4010.4479	TrialResponse[Go]	1	57
2	6	 4010.4479	TrialResponse[Go]	1	57
2	6	 4014.6640	TrialResponse[Go]	0	58
2	6	 4014.6640	TrialResponse[Go]	0	58
2	7	 4019.3800	TrialResponse[No Go]	0	59
2	7	 4022.2963	TrialResponse[Go]	1	60
2	7	 4022.2963	TrialResponse[Go]	1	60
2	7	 4026.3956	TrialResponse[Go]	1	61
2	7	 4026.3956	TrialResponse[Go]	1	61
2	7	 4030.5129	TrialResponse[Go]	1	62
2	7	 4030.5129	TrialResponse[Go]	1	62
2	7	 4035.5776	TrialResponse[No Go]	1	63
2	8	 4038.8605	TrialResponse[Go]	1	64
2	8	 4038.8605	TrialResponse[Go]	1	64
2	8	 4042.8099	TrialResponse[Go]	1	65
2	8	 4042.8099	TrialResponse[Go]	1	65
2	8	 4046.8427	TrialResponse[Go]	1	66
2	8	 4046.8427	TrialResponse[Go]	1	66
2	8	 4050.8420	TrialResponse[Go]	1	67
2	8	 4050.8420	TrialResponse[Go]	1	67
2	8	 4055.8747	TrialResponse[No Go]	1	68
2	9	 4058.7909	TrialResponse[Go]	1	69
2	9	 4058.7909	TrialResponse[Go]	1	69
2	9	 4062.9736	TrialResponse[Go]	1	70
2	9	 4062.9736	TrialResponse[Go]	1	70
2	9	 4067.0243	TrialResponse[Go]	1	71
2	9	 4067.0243	TrialResponse[Go]	1	71
2	9	 4071.0891	TrialResponse[Go]	0	72
2	9	 4071.0891	TrialResponse[Go]	0	72
3	9	 4202.8581	ScannerStart	1
3	1	 4204.9029	TrialResponse[Go]	1	73
3	1	 4204.9029	TrialResponse[Go]	1	73
3	1	 4208.9525	TrialResponse[Go]	1	74
3	1	 4208.9525	TrialResponse[Go]	1	74
3	1	 4213.0851	TrialResponse[Go]	1	75
3	1	 4213.0851	TrialResponse[Go]	1	75
3	1	 4217.0685	TrialResponse[Go]	1	76
3	1	 4217.0685	TrialResponse[Go]	1	76
3	1	 4222.2171	TrialResponse[No Go]	1	77
3	2	 4225.4999	TrialResponse[Go]	1	78
3	2	 4225.4999	TrialResponse[Go]	1	78
3	2	 4229.3660	TrialResponse[Go]	1	79
3	2	 4229.3660	TrialResponse[Go]	1	79
3	2	 4234.3986	TrialResponse[No Go]	1	80
3	3	 4237.2148	TrialResponse[Go]	1	81
3	3	 4237.2148	TrialResponse[Go]	1	81
3	3	 4241.4309	TrialResponse[Go]	1	82
3	3	 4241.4309	TrialResponse[Go]	1	82
3	3	 4246.3968	TrialResponse[Go]	1	83
3	3	 4246.3968	TrialResponse[Go]	1	83
3	3	 4249.5131	TrialResponse[Go]	1	84
3	3	 4249.5131	TrialResponse[Go]	1	84
3	3	 4254.6957	TrialResponse[No Go]	1	85
3	4	 4257.4953	TrialResponse[Go]	1	86
3	4	 4257.4953	TrialResponse[Go]	1	86
3	4	 4261.8280	TrialResponse[Go]	1	87
3	4	 4261.8280	TrialResponse[Go]	1	87
3	4	 4265.9774	TrialResponse[Go]	1	88
3	4	 4265.9774	TrialResponse[Go]	1	88
3	4	 4269.8602	TrialResponse[Go]	0	89
3	4	 4269.8602	TrialResponse[Go]	0	89
3	5	 4274.9761	TrialResponse[No Go]	0	90
3	5	 4279.0422	TrialResponse[No Go]	0	91
3	5	 4283.0916	TrialResponse[No Go]	0	92
3	5	 4286.9410	TrialResponse[Go]	0	93
3	5	 4286.9410	TrialResponse[Go]	0	93
3	6	 4290.9404	TrialResponse[Go]	1	94
3	6	 4290.9404	TrialResponse[Go]	1	94
3	6	 4294.2899	TrialResponse[Go]	1	95
3	6	 4294.2899	TrialResponse[Go]	1	95
3	6	 4299.3725	TrialResponse[No Go]	1	96
3	7	 4302.3055	TrialResponse[Go]	1	97
3	7	 4302.3055	TrialResponse[Go]	1	97
3	7	 4306.5549	TrialResponse[Go]	1	98
3	7	 4306.5549	TrialResponse[Go]	1	98
3	7	 4310.7042	TrialResponse[Go]	1	99
3	7	 4310.7042	TrialResponse[Go]	1	99
3	7	 4315.6369	TrialResponse[No Go]	1	100
3	8	 4318.6197	TrialResponse[Go]	1	101
3	8	 4318.6197	TrialResponse[Go]	1	101
3	8	 4322.9031	TrialResponse[Go]	1	102
3	8	 4322.9031	TrialResponse[Go]	1	102
3	8	 4326.9685	TrialResponse[Go]	1	103
3	8	 4326.9685	TrialResponse[Go]	1	103
3	8	 4330.7346	TrialResponse[Go]	1	104
3	8	 4330.7346	TrialResponse[Go]	1	104
3	8	 4335.9005	TrialResponse[No Go]	1	105
3	9	 4339.0501	TrialResponse[Go]	1	106
3	9	 4339.0501	TrialResponse[Go]	1	106
3	9	 4343.1328	TrialResponse[Go]	1	107
3	9	 4343.1328	TrialResponse[Go]	1	107
3	9	 4348.1155	TrialResponse[No Go]	1	108
4	9	 4463.2033	ScannerStart	1
4	1	 4465.2983	TrialResponse[Go]	1	109
4	1	 4465.2983	TrialResponse[Go]	1	109
4	1	 4469.3810	TrialResponse[Go]	1	110
4	1	 4469.3810	TrialResponse[Go]	1	110
4	1	 4474.3970	TrialResponse[No Go]	1	111
4	2	 4477.4132	TrialResponse[Go]	1	112
4	2	 4477.4132	TrialResponse[Go]	1	112
4	2	 4481.5126	TrialResponse[Go]	1	113
4	2	 4481.5126	TrialResponse[Go]	1	113
4	2	 4485.4954	TrialResponse[Go]	0	114
4	2	 4485.4954	TrialResponse[Go]	0	114
4	3	 4489.8116	TrialResponse[Go]	1	115
4	3	 4489.8116	TrialResponse[Go]	1	115
4	3	 4493.5944	TrialResponse[Go]	1	116
4	3	 4493.5944	TrialResponse[Go]	1	116
4	3	 4497.5270	TrialResponse[Go]	1	117
4	3	 4497.5270	TrialResponse[Go]	1	117
4	3	 4502.8262	TrialResponse[No Go]	1	118
4	4	 4505.6429	TrialResponse[Go]	1	119
4	4	 4505.6429	TrialResponse[Go]	1	119
4	4	 4510.1918	TrialResponse[Go]	1	120
4	4	 4510.1918	TrialResponse[Go]	1	120
4	4	 4513.9746	TrialResponse[Go]	1	121
4	4	 4513.9746	TrialResponse[Go]	1	121
4	4	 4517.6088	TrialResponse[Go]	1	122
4	4	 4517.6088	TrialResponse[Go]	1	122
4	4	 4523.1567	TrialResponse[No Go]	1	123
4	5	 4525.7902	TrialResponse[Go]	1	124
4	5	 4525.7902	TrialResponse[Go]	1	124
4	5	 4530.3390	TrialResponse[Go]	1	125
4	5	 4530.3390	TrialResponse[Go]	1	125
4	5	 4534.5049	TrialResponse[Go]	1	126
4	5	 4534.5049	TrialResponse[Go]	1	126
4	5	 4539.4042	TrialResponse[No Go]	1	127
4	6	 4541.9884	TrialResponse[Go]	1	128
4	6	 4541.9884	TrialResponse[Go]	1	128
4	6	 4546.9365	TrialResponse[Go]	1	129
4	6	 4546.9365	TrialResponse[Go]	1	129
4	6	 4550.5693	TrialResponse[Go]	1	130
4	6	 4550.5693	TrialResponse[Go]	1	130
4	6	 4554.6020	TrialResponse[Go]	1	131
4	6	 4554.6020	TrialResponse[Go]	1	131
4	6	 4559.7013	TrialResponse[No Go]	1	132
4	7	 4562.7509	TrialResponse[Go]	1	133
4	7	 4562.7509	TrialResponse[Go]	1	133
4	7	 4566.8836	TrialResponse[Go]	1	134
4	7	 4566.8836	TrialResponse[Go]	1	134
4	7	 4570.9496	TrialResponse[Go]	1	135
4	7	 4570.9496	TrialResponse[Go]	1	135
4	7	 4575.9489	TrialResponse[No Go]	1	136
4	8	 4579.1650	TrialResponse[Go]	1	137
4	8	 4579.1650	TrialResponse[Go]	1	137
4	8	 4583.3312	TrialResponse[Go]	1	138
4	8	 4583.3312	TrialResponse[Go]	1	138
4	8	 4587.1648	TrialResponse[Go]	1	139
4	8	 4587.1648	TrialResponse[Go]	1	139
4	8	 4591.4466	TrialResponse[Go]	1	140
4	8	 4591.4466	TrialResponse[Go]	1	140
4	8	 4596.2794	TrialResponse[No Go]	1	141
4	9	 4599.4955	TrialResponse[Go]	1	142
4	9	 4599.4955	TrialResponse[Go]	1	142
4	9	 4603.3949	TrialResponse[Go]	1	143
4	9	 4603.3949	TrialResponse[Go]	1	143
4	9	 4607.3276	TrialResponse[Go]	0	144
4	9	 4607.3276	TrialResponse[Go]	0	144
[ExitStudy] Finished successfully at 10:29:21

